Unity Editor version:    2020.3.17f1 (a4537701e4ab)
Branch:                  2020.3/staging
Build type:              Release
Batch mode:              YES
macOS version:           Version 11.5.2 (Build 20G95)
Darwin version:          20.6.0
Architecture:            x86_64
Running under Rosetta:   NO
Available memory:        8192 MB
Using pre-set license
Pro License: NO

COMMAND LINE ARGUMENTS:
/Applications/Unity/Hub/Editor/2020.3.17f1/Unity.app/Contents/MacOS/Unity
-adb2
-batchMode
-noUpm
-name
AssetImportWorker0
-projectPath
/Users/thivakkarmahendran/Documents/Sudhan/College/Grad school/Fall 2021/CS 576/Final Project/CS-576-Final-Project/CS 576 Final Project
-logFile
Logs/AssetImportWorker0.log
-srvPort
53790
Successfully changed project path to: /Users/thivakkarmahendran/Documents/Sudhan/College/Grad school/Fall 2021/CS 576/Final Project/CS-576-Final-Project/CS 576 Final Project
/Users/thivakkarmahendran/Documents/Sudhan/College/Grad school/Fall 2021/CS 576/Final Project/CS-576-Final-Project/CS 576 Final Project
Using Asset Import Pipeline V2.
Refreshing native plugins compatible for Editor in 53.23 ms, found 2 plugins.
Preloading 0 native plugins for Editor in 0.00 ms.
Initialize engine version: 2020.3.17f1 (a4537701e4ab)
[Subsystems] Discovering subsystems at path /Applications/Unity/Hub/Editor/2020.3.17f1/Unity.app/Contents/Resources/UnitySubsystems
[Subsystems] Discovering subsystems at path /Users/thivakkarmahendran/Documents/Sudhan/College/Grad school/Fall 2021/CS 576/Final Project/CS-576-Final-Project/CS 576 Final Project/Assets
GfxDevice: creating device client; threaded=0
2021-12-06 18:31:45.134 Unity[68130:2846285] Color LCD preferred device: Intel Iris Pro Graphics (low power)
2021-12-06 18:31:45.134 Unity[68130:2846285] Metal devices available: 1
2021-12-06 18:31:45.134 Unity[68130:2846285] 0: Intel Iris Pro Graphics (low power)
2021-12-06 18:31:45.134 Unity[68130:2846285] Using device Intel Iris Pro Graphics (low power)
Initializing Metal device caps: Intel Iris Pro Graphics
Initialize mono
Mono path[0] = '/Applications/Unity/Hub/Editor/2020.3.17f1/Unity.app/Contents/Managed'
Mono path[1] = '/Applications/Unity/Hub/Editor/2020.3.17f1/Unity.app/Contents/MonoBleedingEdge/lib/mono/unityjit'
Mono config path = '/Applications/Unity/Hub/Editor/2020.3.17f1/Unity.app/Contents/MonoBleedingEdge/etc'
Using monoOptions --debugger-agent=transport=dt_socket,embedding=1,server=y,suspend=n,address=127.0.0.1:56130
Begin MonoManager ReloadAssembly
Registering precompiled unity dll's ...
Register platform support module: /Applications/Unity/Hub/Editor/2020.3.17f1/PlaybackEngines/WebGLSupport/UnityEditor.WebGL.Extensions.dll
Register platform support module: /Applications/Unity/Hub/Editor/2020.3.17f1/Unity.app/Contents/PlaybackEngines/MacStandaloneSupport/UnityEditor.OSXStandalone.Extensions.dll
Registered in 0.003811 seconds.
Native extension for OSXStandalone target not found
Native extension for WebGL target not found
Refreshing native plugins compatible for Editor in 45.22 ms, found 2 plugins.
Preloading 0 native plugins for Editor in 0.00 ms.
Mono: successfully reloaded assembly
- Completed reload, in  2.036 seconds
Domain Reload Profiling:
	ReloadAssembly (2036ms)
		BeginReloadAssembly (59ms)
			ExecutionOrderSort (0ms)
			DisableScriptedObjects (0ms)
			BackupInstance (0ms)
			ReleaseScriptingObjects (0ms)
			CreateAndSetChildDomain (1ms)
		EndReloadAssembly (669ms)
			LoadAssemblies (61ms)
			RebuildTransferFunctionScriptingTraits (0ms)
			SetupTypeCache (284ms)
			ReleaseScriptCaches (0ms)
			RebuildScriptCaches (53ms)
			SetupLoadedEditorAssemblies (246ms)
				LogAssemblyErrors (0ms)
				InitializePlatformSupportModulesInManaged (6ms)
				SetLoadedEditorAssemblies (0ms)
				RefreshPlugins (45ms)
				BeforeProcessingInitializeOnLoad (11ms)
				ProcessInitializeOnLoadAttributes (140ms)
				ProcessInitializeOnLoadMethodAttributes (44ms)
				AfterProcessingInitializeOnLoad (0ms)
				EditorAssembliesLoaded (0ms)
			ExecutionOrderSort2 (0ms)
			AwakeInstancesAfterBackupRestoration (0ms)
Platform modules already initialized, skipping
Registering precompiled user dll's ...
Registered in 0.006857 seconds.
Begin MonoManager ReloadAssembly
Native extension for OSXStandalone target not found
Native extension for WebGL target not found
Refreshing native plugins compatible for Editor in 0.46 ms, found 2 plugins.
Preloading 0 native plugins for Editor in 0.00 ms.
Mono: successfully reloaded assembly
- Completed reload, in  1.912 seconds
Domain Reload Profiling:
	ReloadAssembly (1914ms)
		BeginReloadAssembly (258ms)
			ExecutionOrderSort (0ms)
			DisableScriptedObjects (9ms)
			BackupInstance (0ms)
			ReleaseScriptingObjects (0ms)
			CreateAndSetChildDomain (54ms)
		EndReloadAssembly (1549ms)
			LoadAssemblies (146ms)
			RebuildTransferFunctionScriptingTraits (0ms)
			SetupTypeCache (568ms)
			ReleaseScriptCaches (1ms)
			RebuildScriptCaches (105ms)
			SetupLoadedEditorAssemblies (548ms)
				LogAssemblyErrors (0ms)
				InitializePlatformSupportModulesInManaged (8ms)
				SetLoadedEditorAssemblies (1ms)
				RefreshPlugins (0ms)
				BeforeProcessingInitializeOnLoad (64ms)
				ProcessInitializeOnLoadAttributes (467ms)
				ProcessInitializeOnLoadMethodAttributes (6ms)
				AfterProcessingInitializeOnLoad (2ms)
				EditorAssembliesLoaded (0ms)
			ExecutionOrderSort2 (0ms)
			AwakeInstancesAfterBackupRestoration (11ms)
Platform modules already initialized, skipping
Validating Project structure ... 0.017826 seconds.
Shader import version has changed; will reimport all shaders...
Upgrading shader files ...0.032759 seconds.
Application.AssetDatabase Initial Script Refresh Start
RefreshInfo: InitialScriptRefreshV2(NoUpdateAssetOptions) scanfilter:  ... 1 filters
RefreshProfiler: Total: 0.000ms
Application.AssetDatabase Initial Script Refresh End
Application.AssetDatabase.Refresh Start
Application.AssetDatabase.Refresh End
RefreshInfo: StopAssetImportingV2(ForceSynchronousImport) scanfilter: 
RefreshProfiler: Total: 0.000ms
Launching external process: /Applications/Unity/Hub/Editor/2020.3.17f1/Unity.app/Contents/Tools/UnityShaderCompiler
Launched and connected shader compiler UnityShaderCompiler after 0.02 seconds
Initializing Unity extensions:
[C# Project] Writing /Users/thivakkarmahendran/Documents/Sudhan/College/Grad school/Fall 2021/CS 576/Final Project/CS-576-Final-Project/CS 576 Final Project/CS 576 Final Project.sln because it has changed
[C# Project] First difference on line 4

[C# Project] Current /Users/thivakkarmahendran/Documents/Sudhan/College/Grad school/Fall 2021/CS 576/Final Project/CS-576-Final-Project/CS 576 Final Project/CS 576 Final Project.sln:
[C# Project]   004: Project("{FAE04EC0-301F-11D3-BF4B-00C04F79EFBC}") = "Assembly-CSharp", "Assembly-CSharp.csproj", "{CF416E9A-EAC3-D412-0821-6E70FBB9799D}"
[C# Project]   005: EndProject
[C# Project]   006: Project("{FAE04EC0-301F-11D3-BF4B-00C04F79EFBC}") = "Assembly-CSharp-Editor", "Assembly-CSharp-Editor.csproj", "{700C07F1-4AA1-1315-FAC7-B607019496AD}"
[C# Project]   007: EndProject
[C# Project]   008: Global

[C# Project] New /Users/thivakkarmahendran/Documents/Sudhan/College/Grad school/Fall 2021/CS 576/Final Project/CS-576-Final-Project/CS 576 Final Project/CS 576 Final Project.sln:
[C# Project]   004: Project("{FAE04EC0-301F-11D3-BF4B-00C04F79EFBC}") = "UnityEngine.UI", "UnityEngine.UI.csproj", "{B394AFF3-526E-405F-FC1F-742354D90E32}"
[C# Project]   005: EndProject
[C# Project]   006: Project("{FAE04EC0-301F-11D3-BF4B-00C04F79EFBC}") = "UnityEngine.TestRunner", "UnityEngine.TestRunner.csproj", "{150B9D5C-D25B-F1D0-D7EB-E05CB3BD4BBE}"
[C# Project]   007: EndProject
[C# Project]   008: Project("{FAE04EC0-301F-11D3-BF4B-00C04F79EFBC}") = "UnityEngine.UI.Tests", "UnityEngine.UI.Tests.csproj", "{2C2A6A8A-A1E6-3969-9BDD-9E1D3D0D69B7}"
[C# Project] Writing /Users/thivakkarmahendran/Documents/Sudhan/College/Grad school/Fall 2021/CS 576/Final Project/CS-576-Final-Project/CS 576 Final Project/Assembly-CSharp.csproj because it has changed
[C# Project] First difference on line 680

[C# Project] Current /Users/thivakkarmahendran/Documents/Sudhan/College/Grad school/Fall 2021/CS 576/Final Project/CS-576-Final-Project/CS 576 Final Project/Assembly-CSharp.csproj:
[C# Project]   680:  <Reference Include="Unity.VSCode.Editor">
[C# Project]   681:  <HintPath>/Users/thivakkarmahendran/Documents/Sudhan/College/Grad school/Fall 2021/CS 576/Final Project/CS-576-Final-Project/CS 576 Final Project/Library/ScriptAssemblies/Unity.VSCode.Editor.dll</HintPath>
[C# Project]   682:  </Reference>
[C# Project]   683:  <Reference Include="Unity.TextMeshPro.Editor">
[C# Project]   684:  <HintPath>/Users/thivakkarmahendran/Documents/Sudhan/College/Grad school/Fall 2021/CS 576/Final Project/CS-576-Final-Project/CS 576 Final Project/Library/ScriptAssemblies/Unity.TextMeshPro.Editor.dll</HintPath>

[C# Project] New /Users/thivakkarmahendran/Documents/Sudhan/College/Grad school/Fall 2021/CS 576/Final Project/CS-576-Final-Project/CS 576 Final Project/Assembly-CSharp.csproj:
[C# Project]   680:   </ItemGroup>
[C# Project]   681:   <ItemGroup>
[C# Project]   682:     <ProjectReference Include="Unity.VSCode.Editor.csproj">
[C# Project]   683:       <Project>{BC87E6EA-EF89-22B0-6493-876EFAA49195}</Project>
[C# Project]   684:       <Name>Unity.VSCode.Editor</Name>
[C# Project] Writing /Users/thivakkarmahendran/Documents/Sudhan/College/Grad school/Fall 2021/CS 576/Final Project/CS-576-Final-Project/CS 576 Final Project/UnityEditor.TestRunner.csproj because it has changed
[C# Project] First difference on line 205

[C# Project] Current /Users/thivakkarmahendran/Documents/Sudhan/College/Grad school/Fall 2021/CS 576/Final Project/CS-576-Final-Project/CS 576 Final Project/UnityEditor.TestRunner.csproj:
[C# Project]   205:      <Compile Include="Packages\com.unity.test-framework\UnityEditor.TestRunner\TestLaunchers\TestLauncherBase.cs" />
[C# Project]   206:      <Compile Include="Packages\com.unity.test-framework\UnityEditor.TestRunner\Api\TestRunnerApi.cs" />
[C# Project]   207:      <Compile Include="Packages\com.unity.test-framework\UnityEditor.TestRunner\Api\IErrorCallbacks.cs" />
[C# Project]   208:      <Compile Include="Packages\com.unity.test-framework\UnityEditor.TestRunner\UnityTestProtocol\IUtpLogger.cs" />
[C# Project]   209:      <None Include="Packages\com.unity.test-framework\UnityEditor.TestRunner\UnityEditor.TestRunner.asmdef" />

[C# Project] New /Users/thivakkarmahendran/Documents/Sudhan/College/Grad school/Fall 2021/CS 576/Final Project/CS-576-Final-Project/CS 576 Final Project/UnityEditor.TestRunner.csproj:
[C# Project]   205:      <Compile Include="Packages\com.unity.test-framework\UnityEditor.TestRunner\Api\TestRunnerApi.cs" />
[C# Project]   206:      <Compile Include="Packages\com.unity.test-framework\UnityEditor.TestRunner\TestLaunchers\TestLauncherBase.cs" />
[C# Project]   207:      <Compile Include="Packages\com.unity.test-framework\UnityEditor.TestRunner\Api\IErrorCallbacks.cs" />
[C# Project]   208:      <Compile Include="Packages\com.unity.test-framework\UnityEditor.TestRunner\UnityTestProtocol\IUtpLogger.cs" />
[C# Project]   209:      <None Include="Packages\com.unity.test-framework\UnityEditor.TestRunner\UnityEditor.TestRunner.asmdef" />
[C# Project] Writing /Users/thivakkarmahendran/Documents/Sudhan/College/Grad school/Fall 2021/CS 576/Final Project/CS-576-Final-Project/CS 576 Final Project/Assembly-CSharp-Editor.csproj because it has changed
[C# Project] First difference on line 645

[C# Project] Current /Users/thivakkarmahendran/Documents/Sudhan/College/Grad school/Fall 2021/CS 576/Final Project/CS-576-Final-Project/CS 576 Final Project/Assembly-CSharp-Editor.csproj:
[C# Project]   645:  <Reference Include="UnityEngine.TestRunner">
[C# Project]   646:  <HintPath>/Users/thivakkarmahendran/Documents/Sudhan/College/Grad school/Fall 2021/CS 576/Final Project/CS-576-Final-Project/CS 576 Final Project/Library/ScriptAssemblies/UnityEngine.TestRunner.dll</HintPath>
[C# Project]   647:  </Reference>
[C# Project]   648:  <Reference Include="UnityEditor.TestRunner">
[C# Project]   649:  <HintPath>/Users/thivakkarmahendran/Documents/Sudhan/College/Grad school/Fall 2021/CS 576/Final Project/CS-576-Final-Project/CS 576 Final Project/Library/ScriptAssemblies/UnityEditor.TestRunner.dll</HintPath>

[C# Project] New /Users/thivakkarmahendran/Documents/Sudhan/College/Grad school/Fall 2021/CS 576/Final Project/CS-576-Final-Project/CS 576 Final Project/Assembly-CSharp-Editor.csproj:
[C# Project]   645:   </ItemGroup>
[C# Project]   646:   <ItemGroup>
[C# Project]   647:     <ProjectReference Include="Assembly-CSharp.csproj">
[C# Project]   648:       <Project>{CF416E9A-EAC3-D412-0821-6E70FBB9799D}</Project>
[C# Project]   649:       <Name>Assembly-CSharp</Name>
========================================================================
Worker process is ready to serve import requests
Refreshing native plugins compatible for Editor in 0.47 ms, found 2 plugins.
Preloading 0 native plugins for Editor in 0.00 ms.
Unloading 1454 Unused Serialized files (Serialized files now loaded: 0)
System memory in use before: 188.8 MB.
System memory in use after: 188.7 MB.

Unloading 116 unused Assets to reduce memory usage. Loaded Objects now: 1959.
Total: 4.948674 ms (FindLiveObjects: 0.360086 ms CreateObjectMapping: 0.172864 ms MarkObjects: 4.099022 ms  DeleteObjects: 0.315570 ms)

AssetImportParameters requested are different than current active one (requested -> active):
  custom:video-decoder-ogg-theora: a1e56fd34408186e4bbccfd4996cb3dc -> 
  custom:container-muxer-webm: aa71ff27fc2769a1b78a27578f13a17b -> 
  custom:container-demuxer-webm: 4f35f7cbe854078d1ac9338744f61a02 -> 
  custom:container-demuxer-ogg: 62fdf1f143b41e24485cea50d1cbac27 -> 
  custom:video-encoder-webm-vp8: eb34c28f22e8b96e1ab97ce403110664 -> 
  custom:framework-osx-AVFoundation: e770b220cccbd017edd2c1fefb359320 -> 
  custom:video-decoder-webm-vp8: 9c59270c3fd7afecdb556c50c9e8de78 -> 
  custom:audio-decoder-ogg-vorbis: bf7c407c2cedff20999df2af8eb42d56 -> 
  custom:audio-encoder-webm-vorbis: bf7c407c2cedff20999df2af8eb42d56 -> 
========================================================================
Received Import Request.
  path: Assets/New Material.mat
  artifactKey: Guid(9257e19544ac441e48804073008d1db9) Importer(815301076,1909f56bfc062723c751e8b465ee728b)
Start importing Assets/New Material.mat using Guid(9257e19544ac441e48804073008d1db9) Importer(815301076,1909f56bfc062723c751e8b465ee728b)  -> (artifact id: '07778644fddef39ec3f40b29f6aeaac7') in 1.620045 seconds 
  Import took 1.625654 seconds .

========================================================================
Received Import Request.
  Time since last request: 0.005256 seconds.
  path: Assets/Objects/Chain.obj
  artifactKey: Guid(84df8ce4c2deb4aabbeb99ea0ce9dad1) Importer(815301076,1909f56bfc062723c751e8b465ee728b)
Start importing Assets/Objects/Chain.obj using Guid(84df8ce4c2deb4aabbeb99ea0ce9dad1) Importer(815301076,1909f56bfc062723c751e8b465ee728b)  -> (artifact id: 'd91954288b2f67d8fa01ad5ff7f10726') in 4.353564 seconds 
  Import took 4.358046 seconds .

========================================================================
Received Import Request.
  Time since last request: 0.007110 seconds.
  path: Assets/Objects/Chain.obj
  artifactKey: Guid(84df8ce4c2deb4aabbeb99ea0ce9dad1) Importer(815301076,1909f56bfc062723c751e8b465ee728b)
Start importing Assets/Objects/Chain.obj using Guid(84df8ce4c2deb4aabbeb99ea0ce9dad1) Importer(815301076,1909f56bfc062723c751e8b465ee728b)  -> (artifact id: 'd91954288b2f67d8fa01ad5ff7f10726') in 0.028171 seconds 
  Import took 0.031786 seconds .

========================================================================
Received Import Request.
  Time since last request: 0.000405 seconds.
  path: Assets/Objects/starting_line.FBX
  artifactKey: Guid(73de84ed6e4084b11bb9764fc7b8aa11) Importer(815301076,1909f56bfc062723c751e8b465ee728b)
Start importing Assets/Objects/starting_line.FBX using Guid(73de84ed6e4084b11bb9764fc7b8aa11) Importer(815301076,1909f56bfc062723c751e8b465ee728b)  -> (artifact id: '8ab0d992acb06ea8df32fc30bf45e3b5') in 0.519428 seconds 
  Import took 0.523753 seconds .

========================================================================
Received Import Request.
  Time since last request: 65.983387 seconds.
  path: Assets/Objects/starting_line.FBX
  artifactKey: Guid(73de84ed6e4084b11bb9764fc7b8aa11) Importer(815301076,1909f56bfc062723c751e8b465ee728b)
Start importing Assets/Objects/starting_line.FBX using Guid(73de84ed6e4084b11bb9764fc7b8aa11) Importer(815301076,1909f56bfc062723c751e8b465ee728b)  -> (artifact id: 'a150993e68aca98e7cb78b06646dd472') in 0.122060 seconds 
  Import took 0.128073 seconds .

========================================================================
Received Import Request.
  Time since last request: 0.000540 seconds.
  path: Assets/Objects/starting_line_texture_2.png
  artifactKey: Guid(b8b44d048d1c047f590604a800c6baa7) Importer(815301076,1909f56bfc062723c751e8b465ee728b)
Start importing Assets/Objects/starting_line_texture_2.png using Guid(b8b44d048d1c047f590604a800c6baa7) Importer(815301076,1909f56bfc062723c751e8b465ee728b)  -> (artifact id: 'bdaae7dc9e20848b3aa6fba3000e1d0f') in 1.223613 seconds 
  Import took 1.228377 seconds .

========================================================================
Received Import Request.
  Time since last request: 7.168215 seconds.
  path: Assets/Objects/starting_line.FBX
  artifactKey: Guid(73de84ed6e4084b11bb9764fc7b8aa11) Importer(815301076,1909f56bfc062723c751e8b465ee728b)
Start importing Assets/Objects/starting_line.FBX using Guid(73de84ed6e4084b11bb9764fc7b8aa11) Importer(815301076,1909f56bfc062723c751e8b465ee728b)  -> (artifact id: 'b6bb79154d14769858ebf1156b87b7de') in 0.167933 seconds 
  Import took 0.172849 seconds .

========================================================================
Received Import Request.
  Time since last request: 0.000398 seconds.
  path: Assets/Objects/starting_line_texture_1.png
  artifactKey: Guid(277be6ab9710f42ab99100e5c2c2421b) Importer(815301076,1909f56bfc062723c751e8b465ee728b)
Start importing Assets/Objects/starting_line_texture_1.png using Guid(277be6ab9710f42ab99100e5c2c2421b) Importer(815301076,1909f56bfc062723c751e8b465ee728b)  -> (artifact id: '2c41990ceff08f30f772d1cdfc34dd09') in 0.014877 seconds 
  Import took 0.019152 seconds .

========================================================================
Received Import Request.
  Time since last request: 7.086149 seconds.
  path: Assets/Objects/starting_line_texture_2 1.png
  artifactKey: Guid(c0d0abd15d50b481599a82f5116a3eb2) Importer(815301076,1909f56bfc062723c751e8b465ee728b)
Start importing Assets/Objects/starting_line_texture_2 1.png using Guid(c0d0abd15d50b481599a82f5116a3eb2) Importer(815301076,1909f56bfc062723c751e8b465ee728b)  -> (artifact id: '494cd333c464f695e0082d7ab4c5550f') in 0.022521 seconds 
  Import took 0.027849 seconds .

========================================================================
Received Import Request.
  Time since last request: 0.014077 seconds.
  path: Assets/Objects/starting_line_texture_2 1.png
  artifactKey: Guid(c0d0abd15d50b481599a82f5116a3eb2) Importer(815301076,1909f56bfc062723c751e8b465ee728b)
Start importing Assets/Objects/starting_line_texture_2 1.png using Guid(c0d0abd15d50b481599a82f5116a3eb2) Importer(815301076,1909f56bfc062723c751e8b465ee728b)  -> (artifact id: '494cd333c464f695e0082d7ab4c5550f') in 0.011385 seconds 
  Import took 0.015437 seconds .

========================================================================
Received Import Request.
  Time since last request: 17.195105 seconds.
  path: Assets/Objects/starting_line.FBX
  artifactKey: Guid(73de84ed6e4084b11bb9764fc7b8aa11) Importer(815301076,1909f56bfc062723c751e8b465ee728b)
Start importing Assets/Objects/starting_line.FBX using Guid(73de84ed6e4084b11bb9764fc7b8aa11) Importer(815301076,1909f56bfc062723c751e8b465ee728b)  -> (artifact id: '99e47bb6755897a24c2a7a844de43b9f') in 0.116320 seconds 
  Import took 0.121504 seconds .

========================================================================
Received Import Request.
  Time since last request: 0.000461 seconds.
  path: Assets/Objects/starting_line_texture_3.fw.png
  artifactKey: Guid(861ce10f218c6415a9538ac8391de6d7) Importer(815301076,1909f56bfc062723c751e8b465ee728b)
Start importing Assets/Objects/starting_line_texture_3.fw.png using Guid(861ce10f218c6415a9538ac8391de6d7) Importer(815301076,1909f56bfc062723c751e8b465ee728b)  -> (artifact id: '8fa6d3bfe7a5c8b67c1d8f8e21dac8df') in 0.039821 seconds 
  Import took 0.045011 seconds .

========================================================================
Received Prepare
Registering precompiled user dll's ...
Registered in 0.003235 seconds.
Begin MonoManager ReloadAssembly
Native extension for OSXStandalone target not found
Native extension for WebGL target not found
Refreshing native plugins compatible for Editor in 0.48 ms, found 2 plugins.
Preloading 0 native plugins for Editor in 0.00 ms.
Mono: successfully reloaded assembly
- Completed reload, in  1.633 seconds
Domain Reload Profiling:
	ReloadAssembly (1634ms)
		BeginReloadAssembly (185ms)
			ExecutionOrderSort (0ms)
			DisableScriptedObjects (7ms)
			BackupInstance (0ms)
			ReleaseScriptingObjects (0ms)
			CreateAndSetChildDomain (103ms)
		EndReloadAssembly (1349ms)
			LoadAssemblies (103ms)
			RebuildTransferFunctionScriptingTraits (0ms)
			SetupTypeCache (456ms)
			ReleaseScriptCaches (1ms)
			RebuildScriptCaches (66ms)
			SetupLoadedEditorAssemblies (546ms)
				LogAssemblyErrors (0ms)
				InitializePlatformSupportModulesInManaged (8ms)
				SetLoadedEditorAssemblies (1ms)
				RefreshPlugins (1ms)
				BeforeProcessingInitializeOnLoad (120ms)
				ProcessInitializeOnLoadAttributes (410ms)
				ProcessInitializeOnLoadMethodAttributes (5ms)
				AfterProcessingInitializeOnLoad (2ms)
				EditorAssembliesLoaded (0ms)
			ExecutionOrderSort2 (0ms)
			AwakeInstancesAfterBackupRestoration (10ms)
Platform modules already initialized, skipping
Refreshing native plugins compatible for Editor in 0.51 ms, found 2 plugins.
Preloading 0 native plugins for Editor in 0.00 ms.
Unloading 1440 Unused Serialized files (Serialized files now loaded: 0)
System memory in use before: 203.2 MB.
System memory in use after: 203.4 MB.

Unloading 14 unused Assets to reduce memory usage. Loaded Objects now: 2006.
Total: 4.458344 ms (FindLiveObjects: 0.275062 ms CreateObjectMapping: 0.114865 ms MarkObjects: 4.048223 ms  DeleteObjects: 0.019248 ms)

AssetImportParameters requested are different than current active one (requested -> active):
  custom:video-decoder-ogg-theora: a1e56fd34408186e4bbccfd4996cb3dc -> 
  custom:container-muxer-webm: aa71ff27fc2769a1b78a27578f13a17b -> 
  custom:container-demuxer-webm: 4f35f7cbe854078d1ac9338744f61a02 -> 
  custom:container-demuxer-ogg: 62fdf1f143b41e24485cea50d1cbac27 -> 
  custom:video-encoder-webm-vp8: eb34c28f22e8b96e1ab97ce403110664 -> 
  custom:framework-osx-AVFoundation: e770b220cccbd017edd2c1fefb359320 -> 
  custom:video-decoder-webm-vp8: 9c59270c3fd7afecdb556c50c9e8de78 -> 
  custom:audio-decoder-ogg-vorbis: bf7c407c2cedff20999df2af8eb42d56 -> 
  custom:audio-encoder-webm-vorbis: bf7c407c2cedff20999df2af8eb42d56 -> 
